Arguments: 
  /usr/bin/node /usr/share/yarn/bin/yarn.js link typescript

PATH: 
  /home/yves/bin:/home/yves/.local/bin:/home/yves/bin:/home/yves/.local/bin:/usr/local/sbin:/usr/local/bin:/usr/sbin:/usr/bin:/sbin:/bin:/usr/games:/usr/local/games:/snap/bin:/usr/lib/jvm/java-8-oracle/bin:/usr/lib/jvm/java-8-oracle/db/bin:/usr/lib/jvm/java-8-oracle/jre/bin:/usr/lib/jvm/java-8-oracle/bin:/usr/lib/jvm/java-8-oracle/db/bin:/usr/lib/jvm/java-8-oracle/jre/bin

Yarn version: 
  1.5.1

Node version: 
  6.13.1

Platform: 
  linux x64

npm manifest: 
  {
    "name": "es6-webpack-starter",
    "version": "1.0.0",
    "description": "A simple starter template to write vanilla ES6 applications",
    "main": "webpack.config.js",
    "scripts": {
      "test": "echo \"Error: no test specified\" && exit 1",
      "clean": "rm -rf dist/",
      "build": "webpack",
      "production": "webpack -p",
      "start": "webpack-dev-server"
    },
    "repository": {
      "type": "git",
      "url": "git+https://github.com/volny/ES6-webpack-starter.git"
    },
    "keywords": [
      "ES6",
      "webpack",
      "SASS"
    ],
    "author": "Felix Volny <felix@volny.co>",
    "license": "ISC",
    "bugs": {
      "url": "https://github.com/volny/ES6-webpack-starter/issues"
    },
    "homepage": "https://github.com/volny/ES6-webpack-starter#readme",
    "devDependencies": {
      "babel-core": "^6.14.0",
      "babel-loader": "^6.2.5",
      "babel-polyfill": "^6.0.16",
      "babel-preset-es2015": "^6.14.0",
      "babel-preset-stage-0": "^6.5.0",
      "css-loader": "^0.24.0",
      "extract-text-webpack-plugin": "^1.0.1",
      "html-webpack-plugin": "^2.22.0",
      "node-sass": "^3.8.0",
      "sass-loader": "^4.0.0",
      "style-loader": "^0.13.1",
      "ts-loader": "^4.1.0",
      "webpack": "^1.15.0",
      "webpack-dev-server": "^1.15.0"
    },
    "dependencies": {
      "animate.css": "^3.5.2",
      "collect.js": "^3.0.51",
      "gsap": "^1.20.4",
      "jquery": "^3.2.1",
      "pewjs": "^1.0.3",
      "rxjs": "^5.5.6",
      "vue": "^2.4.4"
    }
  }

yarn manifest: 
  No manifest

Lockfile: 
  No lockfile

Trace: 
  Error: No registered module found called "typescript".
      at MessageError.Error (native)
      at new MessageError (/usr/share/yarn/lib/cli.js:186:110)
      at Object.<anonymous> (/usr/share/yarn/lib/cli.js:59875:17)
      at next (native)
      at step (/usr/share/yarn/lib/cli.js:98:30)
      at /usr/share/yarn/lib/cli.js:109:13
